<?xml version="1.0" encoding="UTF-8"?>
<coverage generated="1494108694170" clover="3.2.0">
  <project timestamp="1494108694171" name="All files">
    <metrics statements="101" coveredstatements="56" conditionals="33" coveredconditionals="2" methods="39" coveredmethods="21" elements="173" coveredelements="79" complexity="0" loc="101" ncloc="101" packages="5" files="16" classes="16">
      <package name="actions">
        <metrics statements="2" coveredstatements="1" conditionals="0" coveredconditionals="0" methods="2" coveredmethods="1"/>
        <file name="newsActions.js" path="/Users/andeladeveloper/cp/newsfeed/src/js/actions/newsActions.js">
          <metrics statements="2" coveredstatements="1" conditionals="0" coveredconditionals="0" methods="2" coveredmethods="1"/>
          <line num="4" count="8" type="stmt"/>
          <line num="11" count="0" type="stmt"/>
        </file>
      </package>
      <package name="components">
        <metrics statements="26" coveredstatements="23" conditionals="4" coveredconditionals="0" methods="10" coveredmethods="8"/>
        <file name="FontAwesome.js" path="/Users/andeladeveloper/cp/newsfeed/src/js/components/FontAwesome.js">
          <metrics statements="2" coveredstatements="2" conditionals="0" coveredconditionals="0" methods="1" coveredmethods="1"/>
          <line num="4" count="40" type="stmt"/>
          <line num="7" count="6" type="stmt"/>
        </file>
        <file name="HomeBody.js" path="/Users/andeladeveloper/cp/newsfeed/src/js/components/HomeBody.js">
          <metrics statements="2" coveredstatements="2" conditionals="0" coveredconditionals="0" methods="1" coveredmethods="1"/>
          <line num="4" count="1" type="stmt"/>
          <line num="5" count="8" type="stmt"/>
        </file>
        <file name="HomeHeader.js" path="/Users/andeladeveloper/cp/newsfeed/src/js/components/HomeHeader.js">
          <metrics statements="3" coveredstatements="0" conditionals="4" coveredconditionals="0" methods="2" coveredmethods="0"/>
          <line num="1" count="0" type="cond" truecount="0" falsecount="4"/>
          <line num="3" count="0" type="stmt"/>
          <line num="31" count="0" type="stmt"/>
        </file>
        <file name="Login.js" path="/Users/andeladeveloper/cp/newsfeed/src/js/components/Login.js">
          <metrics statements="2" coveredstatements="2" conditionals="0" coveredconditionals="0" methods="1" coveredmethods="1"/>
          <line num="5" count="2" type="stmt"/>
          <line num="6" count="14" type="stmt"/>
        </file>
        <file name="Logout.js" path="/Users/andeladeveloper/cp/newsfeed/src/js/components/Logout.js">
          <metrics statements="3" coveredstatements="3" conditionals="0" coveredconditionals="0" methods="1" coveredmethods="1"/>
          <line num="4" count="3" type="stmt"/>
          <line num="5" count="29" type="stmt"/>
          <line num="7" count="3" type="stmt"/>
        </file>
        <file name="NavBar.js" path="/Users/andeladeveloper/cp/newsfeed/src/js/components/NavBar.js">
          <metrics statements="2" coveredstatements="2" conditionals="0" coveredconditionals="0" methods="1" coveredmethods="1"/>
          <line num="4" count="2" type="stmt"/>
          <line num="5" count="23" type="stmt"/>
        </file>
        <file name="News.js" path="/Users/andeladeveloper/cp/newsfeed/src/js/components/News.js">
          <metrics statements="4" coveredstatements="4" conditionals="0" coveredconditionals="0" methods="1" coveredmethods="1"/>
          <line num="4" count="2" type="stmt"/>
          <line num="5" count="6" type="stmt"/>
          <line num="14" count="2" type="stmt"/>
          <line num="20" count="2" type="stmt"/>
        </file>
        <file name="NewsList.js" path="/Users/andeladeveloper/cp/newsfeed/src/js/components/NewsList.js">
          <metrics statements="4" coveredstatements="4" conditionals="0" coveredconditionals="0" methods="1" coveredmethods="1"/>
          <line num="5" count="21" type="stmt"/>
          <line num="8" count="2" type="stmt"/>
          <line num="12" count="2" type="stmt"/>
          <line num="16" count="2" type="stmt"/>
        </file>
        <file name="SearchBar.js" path="/Users/andeladeveloper/cp/newsfeed/src/js/components/SearchBar.js">
          <metrics statements="4" coveredstatements="4" conditionals="0" coveredconditionals="0" methods="1" coveredmethods="1"/>
          <line num="6" count="2" type="stmt"/>
          <line num="7" count="25" type="stmt"/>
          <line num="24" count="2" type="stmt"/>
          <line num="30" count="2" type="stmt"/>
        </file>
      </package>
      <package name="dispatcher">
        <metrics statements="0" coveredstatements="0" conditionals="0" coveredconditionals="0" methods="0" coveredmethods="0"/>
        <file name="dispatcher.js" path="/Users/andeladeveloper/cp/newsfeed/src/js/dispatcher/dispatcher.js">
          <metrics statements="0" coveredstatements="0" conditionals="0" coveredconditionals="0" methods="0" coveredmethods="0"/>
        </file>
      </package>
      <package name="pages">
        <metrics statements="56" coveredstatements="24" conditionals="26" coveredconditionals="1" methods="20" coveredmethods="9"/>
        <file name="Index.js" path="/Users/andeladeveloper/cp/newsfeed/src/js/pages/Index.js">
          <metrics statements="5" coveredstatements="0" conditionals="4" coveredconditionals="0" methods="2" coveredmethods="0"/>
          <line num="1" count="0" type="stmt"/>
          <line num="2" count="0" type="stmt"/>
          <line num="3" count="0" type="cond" truecount="0" falsecount="4"/>
          <line num="5" count="0" type="stmt"/>
          <line num="8" count="0" type="stmt"/>
        </file>
        <file name="IndexEntry.jsx" path="/Users/andeladeveloper/cp/newsfeed/src/js/pages/IndexEntry.jsx">
          <metrics statements="4" coveredstatements="0" conditionals="4" coveredconditionals="0" methods="1" coveredmethods="0"/>
          <line num="1" count="0" type="stmt"/>
          <line num="2" count="0" type="stmt"/>
          <line num="3" count="0" type="cond" truecount="0" falsecount="4"/>
          <line num="6" count="0" type="stmt"/>
        </file>
        <file name="NewsPage.js" path="/Users/andeladeveloper/cp/newsfeed/src/js/pages/NewsPage.js">
          <metrics statements="43" coveredstatements="24" conditionals="14" coveredconditionals="1" methods="16" coveredmethods="9"/>
          <line num="12" count="8" type="stmt"/>
          <line num="13" count="8" type="stmt"/>
          <line num="21" count="8" type="stmt"/>
          <line num="22" count="8" type="stmt"/>
          <line num="23" count="8" type="stmt"/>
          <line num="24" count="8" type="stmt"/>
          <line num="28" count="8" type="stmt"/>
          <line num="29" count="0" type="stmt"/>
          <line num="36" count="8" type="stmt"/>
          <line num="37" count="8" type="stmt"/>
          <line num="41" count="8" type="stmt"/>
          <line num="42" count="8" type="stmt"/>
          <line num="43" count="8" type="stmt"/>
          <line num="44" count="0" type="stmt"/>
          <line num="45" count="0" type="stmt"/>
          <line num="46" count="0" type="stmt"/>
          <line num="47" count="0" type="stmt"/>
          <line num="50" count="8" type="stmt"/>
          <line num="51" count="8" type="stmt"/>
          <line num="58" count="0" type="cond" truecount="0" falsecount="2"/>
          <line num="59" count="0" type="stmt"/>
          <line num="67" count="17" type="stmt"/>
          <line num="68" count="17" type="cond" truecount="1" falsecount="1"/>
          <line num="69" count="17" type="stmt"/>
          <line num="70" count="34" type="stmt"/>
          <line num="71" count="34" type="stmt"/>
          <line num="73" count="17" type="stmt"/>
          <line num="75" count="0" type="stmt"/>
          <line num="79" count="0" type="cond" truecount="0" falsecount="2"/>
          <line num="80" count="0" type="cond" truecount="0" falsecount="2"/>
          <line num="82" count="0" type="cond" truecount="0" falsecount="4"/>
          <line num="84" count="0" type="stmt"/>
          <line num="89" count="17" type="stmt"/>
          <line num="90" count="0" type="stmt"/>
          <line num="91" count="0" type="stmt"/>
          <line num="92" count="0" type="cond" truecount="0" falsecount="2"/>
          <line num="93" count="0" type="stmt"/>
          <line num="95" count="0" type="stmt"/>
          <line num="102" count="17" type="stmt"/>
          <line num="103" count="17" type="stmt"/>
          <line num="104" count="0" type="stmt"/>
          <line num="105" count="0" type="stmt"/>
          <line num="108" count="17" type="stmt"/>
        </file>
        <file name="NewsPageEntry.jsx" path="/Users/andeladeveloper/cp/newsfeed/src/js/pages/NewsPageEntry.jsx">
          <metrics statements="4" coveredstatements="0" conditionals="4" coveredconditionals="0" methods="1" coveredmethods="0"/>
          <line num="1" count="0" type="stmt"/>
          <line num="2" count="0" type="stmt"/>
          <line num="3" count="0" type="cond" truecount="0" falsecount="4"/>
          <line num="5" count="0" type="stmt"/>
        </file>
      </package>
      <package name="stores">
        <metrics statements="17" coveredstatements="8" conditionals="3" coveredconditionals="1" methods="7" coveredmethods="3"/>
        <file name="newsStore.js" path="/Users/andeladeveloper/cp/newsfeed/src/js/stores/newsStore.js">
          <metrics statements="17" coveredstatements="8" conditionals="3" coveredconditionals="1" methods="7" coveredmethods="3"/>
          <line num="8" count="1" type="stmt"/>
          <line num="9" count="1" type="stmt"/>
          <line num="13" count="8" type="stmt"/>
          <line num="14" count="0" type="stmt"/>
          <line num="15" count="0" type="stmt"/>
          <line num="20" count="0" type="stmt"/>
          <line num="24" count="0" type="stmt"/>
          <line num="25" count="0" type="stmt"/>
          <line num="26" count="0" type="stmt"/>
          <line num="32" count="8" type="cond" truecount="1" falsecount="2"/>
          <line num="34" count="8" type="stmt"/>
          <line num="35" count="8" type="stmt"/>
          <line num="38" count="0" type="stmt"/>
          <line num="39" count="0" type="stmt"/>
          <line num="42" count="0" type="stmt"/>
          <line num="49" count="1" type="stmt"/>
          <line num="50" count="1" type="stmt"/>
        </file>
      </package>
    </metrics>
  </project>
</coverage>
