{"/Users/andeladeveloper/cp/newsfeed/src/js/actions/newsActions.js": {"path":"/Users/andeladeveloper/cp/newsfeed/src/js/actions/newsActions.js","statementMap":{"0":{"start":{"line":4,"column":2},"end":{"line":7,"column":5}},"1":{"start":{"line":11,"column":2},"end":{"line":14,"column":5}}},"fnMap":{"0":{"name":"getNews","decl":{"start":{"line":3,"column":16},"end":{"line":3,"column":23}},"loc":{"start":{"line":3,"column":29},"end":{"line":8,"column":1}},"line":3},"1":{"name":"sortNews","decl":{"start":{"line":10,"column":16},"end":{"line":10,"column":24}},"loc":{"start":{"line":10,"column":30},"end":{"line":15,"column":1}},"line":10}},"branchMap":{},"s":{"0":8,"1":0},"f":{"0":8,"1":0},"b":{},"_coverageSchema":"332fd63041d2c1bcb487cc26dd0d5f7d97098a6c","hash":"adb14dffe2b4c9f6cd6295666abb96c18e543aad"}
,"/Users/andeladeveloper/cp/newsfeed/src/js/components/FontAwesome.js": {"path":"/Users/andeladeveloper/cp/newsfeed/src/js/components/FontAwesome.js","statementMap":{"0":{"start":{"line":4,"column":20},"end":{"line":4,"column":76}},"1":{"start":{"line":4,"column":29},"end":{"line":4,"column":76}},"2":{"start":{"line":7,"column":0},"end":{"line":9,"column":2}}},"fnMap":{"0":{"name":"(anonymous_0)","decl":{"start":{"line":4,"column":20},"end":{"line":4,"column":21}},"loc":{"start":{"line":4,"column":29},"end":{"line":4,"column":76}},"line":4}},"branchMap":{},"s":{"0":6,"1":40,"2":6},"f":{"0":40},"b":{},"_coverageSchema":"332fd63041d2c1bcb487cc26dd0d5f7d97098a6c","hash":"dc3b3eee2d3619deefc12e3026ae4e9f107a0b6b"}
,"/Users/andeladeveloper/cp/newsfeed/src/js/components/HomeBody.js": {"path":"/Users/andeladeveloper/cp/newsfeed/src/js/components/HomeBody.js","statementMap":{"0":{"start":{"line":4,"column":17},"end":{"line":73,"column":8}},"1":{"start":{"line":5,"column":2},"end":{"line":73,"column":8}}},"fnMap":{"0":{"name":"(anonymous_0)","decl":{"start":{"line":4,"column":17},"end":{"line":4,"column":18}},"loc":{"start":{"line":5,"column":2},"end":{"line":73,"column":8}},"line":5}},"branchMap":{},"s":{"0":1,"1":8},"f":{"0":8},"b":{},"_coverageSchema":"332fd63041d2c1bcb487cc26dd0d5f7d97098a6c","hash":"9942249ae0abddaca1bee44fa96e6363be714758"}
,"/Users/andeladeveloper/cp/newsfeed/src/js/components/HomeHeader.js": {"path":"/Users/andeladeveloper/cp/newsfeed/src/js/components/HomeHeader.js","statementMap":{"0":{"start":{"line":1,"column":13},"end":{"line":1,"column":75}},"1":{"start":{"line":1,"column":88},"end":{"line":1,"column":104}},"2":{"start":{"line":1,"column":119},"end":{"line":1,"column":149}},"3":{"start":{"line":1,"column":188},"end":{"line":1,"column":242}},"4":{"start":{"line":3,"column":17},"end":{"line":31,"column":118}},"5":{"start":{"line":3,"column":40},"end":{"line":31,"column":117}},"6":{"start":{"line":31,"column":119},"end":{"line":38,"column":11}}},"fnMap":{"0":{"name":"_interopRequireDefault","decl":{"start":{"line":1,"column":159},"end":{"line":1,"column":181}},"loc":{"start":{"line":1,"column":187},"end":{"line":1,"column":243}},"line":1},"1":{"name":"HomeHeader","decl":{"start":{"line":3,"column":26},"end":{"line":3,"column":36}},"loc":{"start":{"line":3,"column":39},"end":{"line":31,"column":118}},"line":3}},"branchMap":{"0":{"loc":{"start":{"line":1,"column":195},"end":{"line":1,"column":241}},"type":"cond-expr","locations":[{"start":{"line":1,"column":219},"end":{"line":1,"column":222}},{"start":{"line":1,"column":225},"end":{"line":1,"column":241}}],"line":1},"1":{"loc":{"start":{"line":1,"column":195},"end":{"line":1,"column":216}},"type":"binary-expr","locations":[{"start":{"line":1,"column":195},"end":{"line":1,"column":198}},{"start":{"line":1,"column":202},"end":{"line":1,"column":216}}],"line":1}},"s":{"0":0,"1":0,"2":0,"3":0,"4":0,"5":0,"6":0},"f":{"0":0,"1":0},"b":{"0":[0,0],"1":[0,0]}}
,"/Users/andeladeveloper/cp/newsfeed/src/js/components/Login.js": {"path":"/Users/andeladeveloper/cp/newsfeed/src/js/components/Login.js","statementMap":{"0":{"start":{"line":5,"column":14},"end":{"line":13,"column":11}},"1":{"start":{"line":6,"column":2},"end":{"line":13,"column":11}}},"fnMap":{"0":{"name":"(anonymous_0)","decl":{"start":{"line":5,"column":14},"end":{"line":5,"column":15}},"loc":{"start":{"line":6,"column":2},"end":{"line":13,"column":11}},"line":6}},"branchMap":{},"s":{"0":2,"1":14},"f":{"0":14},"b":{},"_coverageSchema":"332fd63041d2c1bcb487cc26dd0d5f7d97098a6c","hash":"91e35d06abf6cc11c277faf247f7841dd88d52e0"}
,"/Users/andeladeveloper/cp/newsfeed/src/js/components/Logout.js": {"path":"/Users/andeladeveloper/cp/newsfeed/src/js/components/Logout.js","statementMap":{"0":{"start":{"line":4,"column":15},"end":{"line":5,"column":77}},"1":{"start":{"line":5,"column":2},"end":{"line":5,"column":77}},"2":{"start":{"line":7,"column":0},"end":{"line":7,"column":24}}},"fnMap":{"0":{"name":"(anonymous_0)","decl":{"start":{"line":4,"column":15},"end":{"line":4,"column":16}},"loc":{"start":{"line":5,"column":2},"end":{"line":5,"column":77}},"line":5}},"branchMap":{},"s":{"0":3,"1":29,"2":3},"f":{"0":29},"b":{},"_coverageSchema":"332fd63041d2c1bcb487cc26dd0d5f7d97098a6c","hash":"5d5aba5e7bf250a83eaee8e59f45f42084920c62"}
,"/Users/andeladeveloper/cp/newsfeed/src/js/components/NavBar.js": {"path":"/Users/andeladeveloper/cp/newsfeed/src/js/components/NavBar.js","statementMap":{"0":{"start":{"line":4,"column":15},"end":{"line":16,"column":8}},"1":{"start":{"line":5,"column":2},"end":{"line":16,"column":8}}},"fnMap":{"0":{"name":"(anonymous_0)","decl":{"start":{"line":4,"column":15},"end":{"line":4,"column":16}},"loc":{"start":{"line":5,"column":2},"end":{"line":16,"column":8}},"line":5}},"branchMap":{},"s":{"0":2,"1":23},"f":{"0":23},"b":{},"_coverageSchema":"332fd63041d2c1bcb487cc26dd0d5f7d97098a6c","hash":"d74808c82dce7995308d47191d87de2e09bc3099"}
,"/Users/andeladeveloper/cp/newsfeed/src/js/components/News.js": {"path":"/Users/andeladeveloper/cp/newsfeed/src/js/components/News.js","statementMap":{"0":{"start":{"line":4,"column":13},"end":{"line":11,"column":7}},"1":{"start":{"line":5,"column":2},"end":{"line":11,"column":7}},"2":{"start":{"line":14,"column":0},"end":{"line":18,"column":2}},"3":{"start":{"line":20,"column":0},"end":{"line":20,"column":22}}},"fnMap":{"0":{"name":"(anonymous_0)","decl":{"start":{"line":4,"column":13},"end":{"line":4,"column":14}},"loc":{"start":{"line":5,"column":2},"end":{"line":11,"column":7}},"line":5}},"branchMap":{},"s":{"0":2,"1":6,"2":2,"3":2},"f":{"0":6},"b":{},"_coverageSchema":"332fd63041d2c1bcb487cc26dd0d5f7d97098a6c","hash":"f14b2260a3c11157099a773b0b944005b066beb0"}
,"/Users/andeladeveloper/cp/newsfeed/src/js/components/NewsList.js": {"path":"/Users/andeladeveloper/cp/newsfeed/src/js/components/NewsList.js","statementMap":{"0":{"start":{"line":5,"column":17},"end":{"line":5,"column":74}},"1":{"start":{"line":5,"column":26},"end":{"line":5,"column":74}},"2":{"start":{"line":8,"column":0},"end":{"line":10,"column":2}},"3":{"start":{"line":12,"column":0},"end":{"line":14,"column":2}},"4":{"start":{"line":16,"column":0},"end":{"line":16,"column":26}}},"fnMap":{"0":{"name":"(anonymous_0)","decl":{"start":{"line":5,"column":17},"end":{"line":5,"column":18}},"loc":{"start":{"line":5,"column":26},"end":{"line":5,"column":74}},"line":5}},"branchMap":{},"s":{"0":2,"1":21,"2":2,"3":2,"4":2},"f":{"0":21},"b":{},"_coverageSchema":"332fd63041d2c1bcb487cc26dd0d5f7d97098a6c","hash":"5757f94f5c23406edcf0df778e9db32ae4bdcd63"}
,"/Users/andeladeveloper/cp/newsfeed/src/js/components/SearchBar.js": {"path":"/Users/andeladeveloper/cp/newsfeed/src/js/components/SearchBar.js","statementMap":{"0":{"start":{"line":6,"column":18},"end":{"line":22,"column":8}},"1":{"start":{"line":7,"column":2},"end":{"line":22,"column":8}},"2":{"start":{"line":24,"column":0},"end":{"line":28,"column":2}},"3":{"start":{"line":30,"column":0},"end":{"line":34,"column":2}}},"fnMap":{"0":{"name":"(anonymous_0)","decl":{"start":{"line":6,"column":18},"end":{"line":6,"column":19}},"loc":{"start":{"line":7,"column":2},"end":{"line":22,"column":8}},"line":7}},"branchMap":{},"s":{"0":2,"1":25,"2":2,"3":2},"f":{"0":25},"b":{},"_coverageSchema":"332fd63041d2c1bcb487cc26dd0d5f7d97098a6c","hash":"f4856901eadbb2036a80bae1b4f2974040d64ff9"}
,"/Users/andeladeveloper/cp/newsfeed/src/js/dispatcher/dispatcher.js": {"path":"/Users/andeladeveloper/cp/newsfeed/src/js/dispatcher/dispatcher.js","statementMap":{},"fnMap":{},"branchMap":{},"s":{},"f":{},"b":{},"_coverageSchema":"332fd63041d2c1bcb487cc26dd0d5f7d97098a6c","hash":"f68813de940c93100610ac07eb37c77cdd579f22"}
,"/Users/andeladeveloper/cp/newsfeed/src/js/pages/Index.js": {"path":"/Users/andeladeveloper/cp/newsfeed/src/js/pages/Index.js","statementMap":{"0":{"start":{"line":1,"column":13},"end":{"line":1,"column":75}},"1":{"start":{"line":1,"column":88},"end":{"line":1,"column":104}},"2":{"start":{"line":1,"column":119},"end":{"line":1,"column":149}},"3":{"start":{"line":2,"column":18},"end":{"line":2,"column":53}},"4":{"start":{"line":2,"column":73},"end":{"line":2,"column":108}},"5":{"start":{"line":3,"column":16},"end":{"line":3,"column":49}},"6":{"start":{"line":3,"column":67},"end":{"line":3,"column":100}},"7":{"start":{"line":3,"column":139},"end":{"line":3,"column":193}},"8":{"start":{"line":5,"column":12},"end":{"line":8,"column":65}},"9":{"start":{"line":5,"column":30},"end":{"line":8,"column":64}},"10":{"start":{"line":8,"column":66},"end":{"line":11,"column":6}}},"fnMap":{"0":{"name":"_interopRequireDefault","decl":{"start":{"line":3,"column":110},"end":{"line":3,"column":132}},"loc":{"start":{"line":3,"column":138},"end":{"line":3,"column":194}},"line":3},"1":{"name":"Index","decl":{"start":{"line":5,"column":21},"end":{"line":5,"column":26}},"loc":{"start":{"line":5,"column":29},"end":{"line":8,"column":65}},"line":5}},"branchMap":{"0":{"loc":{"start":{"line":3,"column":146},"end":{"line":3,"column":192}},"type":"cond-expr","locations":[{"start":{"line":3,"column":170},"end":{"line":3,"column":173}},{"start":{"line":3,"column":176},"end":{"line":3,"column":192}}],"line":3},"1":{"loc":{"start":{"line":3,"column":146},"end":{"line":3,"column":167}},"type":"binary-expr","locations":[{"start":{"line":3,"column":146},"end":{"line":3,"column":149}},{"start":{"line":3,"column":153},"end":{"line":3,"column":167}}],"line":3}},"s":{"0":0,"1":0,"2":0,"3":0,"4":0,"5":0,"6":0,"7":0,"8":0,"9":0,"10":0},"f":{"0":0,"1":0},"b":{"0":[0,0],"1":[0,0]}}
,"/Users/andeladeveloper/cp/newsfeed/src/js/pages/IndexEntry.jsx": {"path":"/Users/andeladeveloper/cp/newsfeed/src/js/pages/IndexEntry.jsx","statementMap":{"0":{"start":{"line":1,"column":26},"end":{"line":1,"column":42}},"1":{"start":{"line":1,"column":57},"end":{"line":1,"column":87}},"2":{"start":{"line":2,"column":16},"end":{"line":2,"column":36}},"3":{"start":{"line":2,"column":54},"end":{"line":2,"column":87}},"4":{"start":{"line":3,"column":13},"end":{"line":3,"column":31}},"5":{"start":{"line":3,"column":46},"end":{"line":3,"column":76}},"6":{"start":{"line":3,"column":115},"end":{"line":3,"column":169}},"7":{"start":{"line":6,"column":0},"end":{"line":8,"column":32}}},"fnMap":{"0":{"name":"_interopRequireDefault","decl":{"start":{"line":3,"column":86},"end":{"line":3,"column":108}},"loc":{"start":{"line":3,"column":114},"end":{"line":3,"column":170}},"line":3}},"branchMap":{"0":{"loc":{"start":{"line":3,"column":122},"end":{"line":3,"column":168}},"type":"cond-expr","locations":[{"start":{"line":3,"column":146},"end":{"line":3,"column":149}},{"start":{"line":3,"column":152},"end":{"line":3,"column":168}}],"line":3},"1":{"loc":{"start":{"line":3,"column":122},"end":{"line":3,"column":143}},"type":"binary-expr","locations":[{"start":{"line":3,"column":122},"end":{"line":3,"column":125}},{"start":{"line":3,"column":129},"end":{"line":3,"column":143}}],"line":3}},"s":{"0":0,"1":0,"2":0,"3":0,"4":0,"5":0,"6":0,"7":0},"f":{"0":0},"b":{"0":[0,0],"1":[0,0]}}
,"/Users/andeladeveloper/cp/newsfeed/src/js/pages/NewsPage.js": {"path":"/Users/andeladeveloper/cp/newsfeed/src/js/pages/NewsPage.js","statementMap":{"0":{"start":{"line":12,"column":4},"end":{"line":12,"column":17}},"1":{"start":{"line":13,"column":4},"end":{"line":20,"column":6}},"2":{"start":{"line":21,"column":4},"end":{"line":21,"column":47}},"3":{"start":{"line":22,"column":4},"end":{"line":22,"column":24}},"4":{"start":{"line":23,"column":4},"end":{"line":23,"column":45}},"5":{"start":{"line":24,"column":4},"end":{"line":24,"column":49}},"6":{"start":{"line":28,"column":4},"end":{"line":32,"column":7}},"7":{"start":{"line":29,"column":6},"end":{"line":31,"column":9}},"8":{"start":{"line":36,"column":4},"end":{"line":36,"column":21}},"9":{"start":{"line":37,"column":4},"end":{"line":37,"column":73}},"10":{"start":{"line":41,"column":20},"end":{"line":41,"column":22}},"11":{"start":{"line":42,"column":22},"end":{"line":42,"column":24}},"12":{"start":{"line":43,"column":4},"end":{"line":49,"column":7}},"13":{"start":{"line":44,"column":21},"end":{"line":44,"column":38}},"14":{"start":{"line":45,"column":6},"end":{"line":48,"column":9}},"15":{"start":{"line":46,"column":8},"end":{"line":46,"column":29}},"16":{"start":{"line":47,"column":8},"end":{"line":47,"column":90}},"17":{"start":{"line":50,"column":4},"end":{"line":50,"column":29}},"18":{"start":{"line":51,"column":4},"end":{"line":54,"column":17}},"19":{"start":{"line":58,"column":4},"end":{"line":63,"column":5}},"20":{"start":{"line":59,"column":6},"end":{"line":62,"column":9}},"21":{"start":{"line":67,"column":18},"end":{"line":67,"column":35}},"22":{"start":{"line":68,"column":4},"end":{"line":74,"column":5}},"23":{"start":{"line":69,"column":26},"end":{"line":72,"column":8}},"24":{"start":{"line":70,"column":20},"end":{"line":70,"column":21}},"25":{"start":{"line":71,"column":8},"end":{"line":71,"column":62}},"26":{"start":{"line":73,"column":6},"end":{"line":73,"column":25}},"27":{"start":{"line":75,"column":4},"end":{"line":75,"column":17}},"28":{"start":{"line":79,"column":19},"end":{"line":79,"column":85}},"29":{"start":{"line":80,"column":4},"end":{"line":85,"column":5}},"30":{"start":{"line":82,"column":21},"end":{"line":83,"column":51}},"31":{"start":{"line":84,"column":6},"end":{"line":84,"column":46}},"32":{"start":{"line":89,"column":4},"end":{"line":98,"column":6}},"33":{"start":{"line":90,"column":21},"end":{"line":90,"column":50}},"34":{"start":{"line":91,"column":21},"end":{"line":91,"column":35}},"35":{"start":{"line":92,"column":6},"end":{"line":94,"column":7}},"36":{"start":{"line":93,"column":8},"end":{"line":93,"column":49}},"37":{"start":{"line":95,"column":6},"end":{"line":97,"column":9}},"38":{"start":{"line":102,"column":17},"end":{"line":102,"column":36}},"39":{"start":{"line":103,"column":27},"end":{"line":106,"column":6}},"40":{"start":{"line":104,"column":18},"end":{"line":104,"column":19}},"41":{"start":{"line":105,"column":6},"end":{"line":105,"column":89}},"42":{"start":{"line":108,"column":4},"end":{"line":121,"column":6}}},"fnMap":{"0":{"name":"(anonymous_0)","decl":{"start":{"line":11,"column":2},"end":{"line":11,"column":3}},"loc":{"start":{"line":11,"column":21},"end":{"line":25,"column":3}},"line":11},"1":{"name":"(anonymous_1)","decl":{"start":{"line":27,"column":2},"end":{"line":27,"column":3}},"loc":{"start":{"line":27,"column":23},"end":{"line":33,"column":3}},"line":27},"2":{"name":"(anonymous_2)","decl":{"start":{"line":28,"column":27},"end":{"line":28,"column":28}},"loc":{"start":{"line":28,"column":33},"end":{"line":32,"column":5}},"line":28},"3":{"name":"(anonymous_3)","decl":{"start":{"line":35,"column":2},"end":{"line":35,"column":3}},"loc":{"start":{"line":35,"column":22},"end":{"line":38,"column":3}},"line":35},"4":{"name":"(anonymous_4)","decl":{"start":{"line":40,"column":2},"end":{"line":40,"column":3}},"loc":{"start":{"line":40,"column":14},"end":{"line":55,"column":3}},"line":40},"5":{"name":"(anonymous_5)","decl":{"start":{"line":43,"column":78},"end":{"line":43,"column":79}},"loc":{"start":{"line":43,"column":88},"end":{"line":49,"column":5}},"line":43},"6":{"name":"(anonymous_6)","decl":{"start":{"line":45,"column":21},"end":{"line":45,"column":22}},"loc":{"start":{"line":45,"column":31},"end":{"line":48,"column":7}},"line":45},"7":{"name":"(anonymous_7)","decl":{"start":{"line":54,"column":7},"end":{"line":54,"column":8}},"loc":{"start":{"line":54,"column":13},"end":{"line":54,"column":15}},"line":54},"8":{"name":"(anonymous_8)","decl":{"start":{"line":57,"column":2},"end":{"line":57,"column":3}},"loc":{"start":{"line":57,"column":18},"end":{"line":64,"column":3}},"line":57},"9":{"name":"(anonymous_9)","decl":{"start":{"line":66,"column":2},"end":{"line":66,"column":3}},"loc":{"start":{"line":66,"column":13},"end":{"line":76,"column":3}},"line":66},"10":{"name":"(anonymous_10)","decl":{"start":{"line":69,"column":36},"end":{"line":69,"column":37}},"loc":{"start":{"line":69,"column":49},"end":{"line":72,"column":7}},"line":69},"11":{"name":"(anonymous_11)","decl":{"start":{"line":78,"column":2},"end":{"line":78,"column":3}},"loc":{"start":{"line":78,"column":15},"end":{"line":86,"column":3}},"line":78},"12":{"name":"(anonymous_12)","decl":{"start":{"line":88,"column":2},"end":{"line":88,"column":3}},"loc":{"start":{"line":88,"column":15},"end":{"line":99,"column":3}},"line":88},"13":{"name":"(anonymous_13)","decl":{"start":{"line":89,"column":11},"end":{"line":89,"column":12}},"loc":{"start":{"line":89,"column":18},"end":{"line":98,"column":5}},"line":89},"14":{"name":"(anonymous_14)","decl":{"start":{"line":101,"column":2},"end":{"line":101,"column":3}},"loc":{"start":{"line":101,"column":11},"end":{"line":122,"column":3}},"line":101},"15":{"name":"(anonymous_15)","decl":{"start":{"line":103,"column":36},"end":{"line":103,"column":37}},"loc":{"start":{"line":103,"column":49},"end":{"line":106,"column":5}},"line":103}},"branchMap":{"0":{"loc":{"start":{"line":58,"column":4},"end":{"line":63,"column":5}},"type":"if","locations":[{"start":{"line":58,"column":4},"end":{"line":63,"column":5}},{"start":{"line":58,"column":4},"end":{"line":63,"column":5}}],"line":58},"1":{"loc":{"start":{"line":68,"column":4},"end":{"line":74,"column":5}},"type":"if","locations":[{"start":{"line":68,"column":4},"end":{"line":74,"column":5}},{"start":{"line":68,"column":4},"end":{"line":74,"column":5}}],"line":68},"2":{"loc":{"start":{"line":79,"column":19},"end":{"line":79,"column":85}},"type":"cond-expr","locations":[{"start":{"line":79,"column":51},"end":{"line":79,"column":80}},{"start":{"line":79,"column":83},"end":{"line":79,"column":85}}],"line":79},"3":{"loc":{"start":{"line":80,"column":4},"end":{"line":85,"column":5}},"type":"if","locations":[{"start":{"line":80,"column":4},"end":{"line":85,"column":5}},{"start":{"line":80,"column":4},"end":{"line":85,"column":5}}],"line":80},"4":{"loc":{"start":{"line":82,"column":21},"end":{"line":83,"column":51}},"type":"cond-expr","locations":[{"start":{"line":83,"column":6},"end":{"line":83,"column":28}},{"start":{"line":83,"column":31},"end":{"line":83,"column":51}}],"line":82},"5":{"loc":{"start":{"line":82,"column":21},"end":{"line":82,"column":75}},"type":"binary-expr","locations":[{"start":{"line":82,"column":21},"end":{"line":82,"column":49}},{"start":{"line":82,"column":53},"end":{"line":82,"column":75}}],"line":82},"6":{"loc":{"start":{"line":92,"column":6},"end":{"line":94,"column":7}},"type":"if","locations":[{"start":{"line":92,"column":6},"end":{"line":94,"column":7}},{"start":{"line":92,"column":6},"end":{"line":94,"column":7}}],"line":92}},"s":{"0":8,"1":8,"2":8,"3":8,"4":8,"5":8,"6":8,"7":0,"8":8,"9":8,"10":8,"11":8,"12":8,"13":0,"14":0,"15":0,"16":0,"17":8,"18":8,"19":0,"20":0,"21":17,"22":17,"23":17,"24":34,"25":34,"26":17,"27":0,"28":0,"29":0,"30":0,"31":0,"32":17,"33":0,"34":0,"35":0,"36":0,"37":0,"38":17,"39":17,"40":0,"41":0,"42":17},"f":{"0":8,"1":8,"2":0,"3":8,"4":8,"5":0,"6":0,"7":8,"8":0,"9":17,"10":34,"11":0,"12":17,"13":0,"14":17,"15":0},"b":{"0":[0,0],"1":[17,0],"2":[0,0],"3":[0,0],"4":[0,0],"5":[0,0],"6":[0,0]},"_coverageSchema":"332fd63041d2c1bcb487cc26dd0d5f7d97098a6c","hash":"7e245494b7739e59ff3e8269bc38e9209f9347ce"}
,"/Users/andeladeveloper/cp/newsfeed/src/js/pages/NewsPageEntry.jsx": {"path":"/Users/andeladeveloper/cp/newsfeed/src/js/pages/NewsPageEntry.jsx","statementMap":{"0":{"start":{"line":1,"column":26},"end":{"line":1,"column":42}},"1":{"start":{"line":1,"column":57},"end":{"line":1,"column":87}},"2":{"start":{"line":2,"column":16},"end":{"line":2,"column":36}},"3":{"start":{"line":2,"column":54},"end":{"line":2,"column":87}},"4":{"start":{"line":3,"column":16},"end":{"line":3,"column":37}},"5":{"start":{"line":3,"column":55},"end":{"line":3,"column":88}},"6":{"start":{"line":3,"column":127},"end":{"line":3,"column":181}},"7":{"start":{"line":5,"column":0},"end":{"line":5,"column":116}}},"fnMap":{"0":{"name":"_interopRequireDefault","decl":{"start":{"line":3,"column":98},"end":{"line":3,"column":120}},"loc":{"start":{"line":3,"column":126},"end":{"line":3,"column":182}},"line":3}},"branchMap":{"0":{"loc":{"start":{"line":3,"column":134},"end":{"line":3,"column":180}},"type":"cond-expr","locations":[{"start":{"line":3,"column":158},"end":{"line":3,"column":161}},{"start":{"line":3,"column":164},"end":{"line":3,"column":180}}],"line":3},"1":{"loc":{"start":{"line":3,"column":134},"end":{"line":3,"column":155}},"type":"binary-expr","locations":[{"start":{"line":3,"column":134},"end":{"line":3,"column":137}},{"start":{"line":3,"column":141},"end":{"line":3,"column":155}}],"line":3}},"s":{"0":0,"1":0,"2":0,"3":0,"4":0,"5":0,"6":0,"7":0},"f":{"0":0},"b":{"0":[0,0],"1":[0,0]}}
,"/Users/andeladeveloper/cp/newsfeed/src/js/stores/newsStore.js": {"path":"/Users/andeladeveloper/cp/newsfeed/src/js/stores/newsStore.js","statementMap":{"0":{"start":{"line":8,"column":4},"end":{"line":8,"column":12}},"1":{"start":{"line":9,"column":4},"end":{"line":9,"column":23}},"2":{"start":{"line":13,"column":4},"end":{"line":16,"column":7}},"3":{"start":{"line":14,"column":6},"end":{"line":14,"column":41}},"4":{"start":{"line":15,"column":6},"end":{"line":15,"column":26}},"5":{"start":{"line":20,"column":4},"end":{"line":20,"column":25}},"6":{"start":{"line":24,"column":4},"end":{"line":27,"column":7}},"7":{"start":{"line":25,"column":6},"end":{"line":25,"column":41}},"8":{"start":{"line":26,"column":6},"end":{"line":26,"column":26}},"9":{"start":{"line":32,"column":4},"end":{"line":44,"column":5}},"10":{"start":{"line":34,"column":8},"end":{"line":34,"column":40}},"11":{"start":{"line":35,"column":8},"end":{"line":35,"column":14}},"12":{"start":{"line":38,"column":8},"end":{"line":38,"column":38}},"13":{"start":{"line":39,"column":8},"end":{"line":39,"column":14}},"14":{"start":{"line":42,"column":8},"end":{"line":42,"column":39}},"15":{"start":{"line":49,"column":18},"end":{"line":49,"column":33}},"16":{"start":{"line":50,"column":0},"end":{"line":50,"column":61}}},"fnMap":{"0":{"name":"(anonymous_0)","decl":{"start":{"line":7,"column":2},"end":{"line":7,"column":3}},"loc":{"start":{"line":7,"column":16},"end":{"line":10,"column":3}},"line":7},"1":{"name":"(anonymous_1)","decl":{"start":{"line":12,"column":2},"end":{"line":12,"column":3}},"loc":{"start":{"line":12,"column":22},"end":{"line":17,"column":3}},"line":12},"2":{"name":"(anonymous_2)","decl":{"start":{"line":13,"column":136},"end":{"line":13,"column":137}},"loc":{"start":{"line":13,"column":146},"end":{"line":16,"column":5}},"line":13},"3":{"name":"(anonymous_3)","decl":{"start":{"line":19,"column":2},"end":{"line":19,"column":3}},"loc":{"start":{"line":19,"column":16},"end":{"line":21,"column":3}},"line":19},"4":{"name":"(anonymous_4)","decl":{"start":{"line":23,"column":2},"end":{"line":23,"column":3}},"loc":{"start":{"line":23,"column":20},"end":{"line":28,"column":3}},"line":23},"5":{"name":"(anonymous_5)","decl":{"start":{"line":24,"column":136},"end":{"line":24,"column":137}},"loc":{"start":{"line":24,"column":146},"end":{"line":27,"column":5}},"line":24},"6":{"name":"(anonymous_6)","decl":{"start":{"line":30,"column":2},"end":{"line":30,"column":3}},"loc":{"start":{"line":30,"column":24},"end":{"line":45,"column":3}},"line":30}},"branchMap":{"0":{"loc":{"start":{"line":32,"column":4},"end":{"line":44,"column":5}},"type":"switch","locations":[{"start":{"line":33,"column":6},"end":{"line":36,"column":7}},{"start":{"line":37,"column":6},"end":{"line":40,"column":7}},{"start":{"line":41,"column":6},"end":{"line":43,"column":7}}],"line":32}},"s":{"0":1,"1":1,"2":8,"3":0,"4":0,"5":0,"6":0,"7":0,"8":0,"9":8,"10":8,"11":8,"12":0,"13":0,"14":0,"15":1,"16":1},"f":{"0":1,"1":8,"2":0,"3":0,"4":0,"5":0,"6":8},"b":{"0":[8,0,0]},"_coverageSchema":"332fd63041d2c1bcb487cc26dd0d5f7d97098a6c","hash":"6bf4bfc77587e4b797a3905beb8dd3a78e3e5b2b"}
}
