TN:
SF:/Users/andeladeveloper/cp/newsfeed/src/js/actions/newsActions.js
FN:3,getNews
FN:10,sortNews
FNF:2
FNH:1
FNDA:8,getNews
FNDA:0,sortNews
DA:4,8
DA:11,0
LF:2
LH:1
BRF:0
BRH:0
end_of_record
TN:
SF:/Users/andeladeveloper/cp/newsfeed/src/js/components/FontAwesome.js
FN:4,(anonymous_0)
FNF:1
FNH:1
FNDA:40,(anonymous_0)
DA:4,40
DA:7,6
LF:2
LH:2
BRF:0
BRH:0
end_of_record
TN:
SF:/Users/andeladeveloper/cp/newsfeed/src/js/components/HomeBody.js
FN:4,(anonymous_0)
FNF:1
FNH:1
FNDA:8,(anonymous_0)
DA:4,1
DA:5,8
LF:2
LH:2
BRF:0
BRH:0
end_of_record
TN:
SF:/Users/andeladeveloper/cp/newsfeed/src/js/components/HomeHeader.js
FN:1,_interopRequireDefault
FN:3,HomeHeader
FNF:2
FNH:0
FNDA:0,_interopRequireDefault
FNDA:0,HomeHeader
DA:1,0
DA:3,0
DA:31,0
LF:3
LH:0
BRDA:1,0,0,0
BRDA:1,0,1,0
BRDA:1,1,0,0
BRDA:1,1,1,0
BRF:4
BRH:0
end_of_record
TN:
SF:/Users/andeladeveloper/cp/newsfeed/src/js/components/Login.js
FN:5,(anonymous_0)
FNF:1
FNH:1
FNDA:14,(anonymous_0)
DA:5,2
DA:6,14
LF:2
LH:2
BRF:0
BRH:0
end_of_record
TN:
SF:/Users/andeladeveloper/cp/newsfeed/src/js/components/Logout.js
FN:4,(anonymous_0)
FNF:1
FNH:1
FNDA:29,(anonymous_0)
DA:4,3
DA:5,29
DA:7,3
LF:3
LH:3
BRF:0
BRH:0
end_of_record
TN:
SF:/Users/andeladeveloper/cp/newsfeed/src/js/components/NavBar.js
FN:4,(anonymous_0)
FNF:1
FNH:1
FNDA:23,(anonymous_0)
DA:4,2
DA:5,23
LF:2
LH:2
BRF:0
BRH:0
end_of_record
TN:
SF:/Users/andeladeveloper/cp/newsfeed/src/js/components/News.js
FN:4,(anonymous_0)
FNF:1
FNH:1
FNDA:6,(anonymous_0)
DA:4,2
DA:5,6
DA:14,2
DA:20,2
LF:4
LH:4
BRF:0
BRH:0
end_of_record
TN:
SF:/Users/andeladeveloper/cp/newsfeed/src/js/components/NewsList.js
FN:5,(anonymous_0)
FNF:1
FNH:1
FNDA:21,(anonymous_0)
DA:5,21
DA:8,2
DA:12,2
DA:16,2
LF:4
LH:4
BRF:0
BRH:0
end_of_record
TN:
SF:/Users/andeladeveloper/cp/newsfeed/src/js/components/SearchBar.js
FN:6,(anonymous_0)
FNF:1
FNH:1
FNDA:25,(anonymous_0)
DA:6,2
DA:7,25
DA:24,2
DA:30,2
LF:4
LH:4
BRF:0
BRH:0
end_of_record
TN:
SF:/Users/andeladeveloper/cp/newsfeed/src/js/dispatcher/dispatcher.js
FNF:0
FNH:0
LF:0
LH:0
BRF:0
BRH:0
end_of_record
TN:
SF:/Users/andeladeveloper/cp/newsfeed/src/js/pages/Index.js
FN:3,_interopRequireDefault
FN:5,Index
FNF:2
FNH:0
FNDA:0,_interopRequireDefault
FNDA:0,Index
DA:1,0
DA:2,0
DA:3,0
DA:5,0
DA:8,0
LF:5
LH:0
BRDA:3,0,0,0
BRDA:3,0,1,0
BRDA:3,1,0,0
BRDA:3,1,1,0
BRF:4
BRH:0
end_of_record
TN:
SF:/Users/andeladeveloper/cp/newsfeed/src/js/pages/IndexEntry.jsx
FN:3,_interopRequireDefault
FNF:1
FNH:0
FNDA:0,_interopRequireDefault
DA:1,0
DA:2,0
DA:3,0
DA:6,0
LF:4
LH:0
BRDA:3,0,0,0
BRDA:3,0,1,0
BRDA:3,1,0,0
BRDA:3,1,1,0
BRF:4
BRH:0
end_of_record
TN:
SF:/Users/andeladeveloper/cp/newsfeed/src/js/pages/NewsPage.js
FN:11,(anonymous_0)
FN:27,(anonymous_1)
FN:28,(anonymous_2)
FN:35,(anonymous_3)
FN:40,(anonymous_4)
FN:43,(anonymous_5)
FN:45,(anonymous_6)
FN:54,(anonymous_7)
FN:57,(anonymous_8)
FN:66,(anonymous_9)
FN:69,(anonymous_10)
FN:78,(anonymous_11)
FN:88,(anonymous_12)
FN:89,(anonymous_13)
FN:101,(anonymous_14)
FN:103,(anonymous_15)
FNF:16
FNH:9
FNDA:8,(anonymous_0)
FNDA:8,(anonymous_1)
FNDA:0,(anonymous_2)
FNDA:8,(anonymous_3)
FNDA:8,(anonymous_4)
FNDA:0,(anonymous_5)
FNDA:0,(anonymous_6)
FNDA:8,(anonymous_7)
FNDA:0,(anonymous_8)
FNDA:17,(anonymous_9)
FNDA:34,(anonymous_10)
FNDA:0,(anonymous_11)
FNDA:17,(anonymous_12)
FNDA:0,(anonymous_13)
FNDA:17,(anonymous_14)
FNDA:0,(anonymous_15)
DA:12,8
DA:13,8
DA:21,8
DA:22,8
DA:23,8
DA:24,8
DA:28,8
DA:29,0
DA:36,8
DA:37,8
DA:41,8
DA:42,8
DA:43,8
DA:44,0
DA:45,0
DA:46,0
DA:47,0
DA:50,8
DA:51,8
DA:58,0
DA:59,0
DA:67,17
DA:68,17
DA:69,17
DA:70,34
DA:71,34
DA:73,17
DA:75,0
DA:79,0
DA:80,0
DA:82,0
DA:84,0
DA:89,17
DA:90,0
DA:91,0
DA:92,0
DA:93,0
DA:95,0
DA:102,17
DA:103,17
DA:104,0
DA:105,0
DA:108,17
LF:43
LH:24
BRDA:58,0,0,0
BRDA:58,0,1,0
BRDA:68,1,0,17
BRDA:68,1,1,0
BRDA:79,2,0,0
BRDA:79,2,1,0
BRDA:80,3,0,0
BRDA:80,3,1,0
BRDA:82,4,0,0
BRDA:82,4,1,0
BRDA:82,5,0,0
BRDA:82,5,1,0
BRDA:92,6,0,0
BRDA:92,6,1,0
BRF:14
BRH:1
end_of_record
TN:
SF:/Users/andeladeveloper/cp/newsfeed/src/js/pages/NewsPageEntry.jsx
FN:3,_interopRequireDefault
FNF:1
FNH:0
FNDA:0,_interopRequireDefault
DA:1,0
DA:2,0
DA:3,0
DA:5,0
LF:4
LH:0
BRDA:3,0,0,0
BRDA:3,0,1,0
BRDA:3,1,0,0
BRDA:3,1,1,0
BRF:4
BRH:0
end_of_record
TN:
SF:/Users/andeladeveloper/cp/newsfeed/src/js/stores/newsStore.js
FN:7,(anonymous_0)
FN:12,(anonymous_1)
FN:13,(anonymous_2)
FN:19,(anonymous_3)
FN:23,(anonymous_4)
FN:24,(anonymous_5)
FN:30,(anonymous_6)
FNF:7
FNH:3
FNDA:1,(anonymous_0)
FNDA:8,(anonymous_1)
FNDA:0,(anonymous_2)
FNDA:0,(anonymous_3)
FNDA:0,(anonymous_4)
FNDA:0,(anonymous_5)
FNDA:8,(anonymous_6)
DA:8,1
DA:9,1
DA:13,8
DA:14,0
DA:15,0
DA:20,0
DA:24,0
DA:25,0
DA:26,0
DA:32,8
DA:34,8
DA:35,8
DA:38,0
DA:39,0
DA:42,0
DA:49,1
DA:50,1
LF:17
LH:8
BRDA:32,0,0,8
BRDA:32,0,1,0
BRDA:32,0,2,0
BRF:3
BRH:1
end_of_record
